<?xml version="1.0" encoding="UTF-8"?>
<!-- Generated by org.testng.reporters.JUnitReportReporter -->
<testsuite hostname="SRV-QA-H1" failures="0" tests="1" name="RunPruebas.RunPrincipal" time="49.698" errors="0" timestamp="2025-02-24T11:42:41 COT" skipped="0">
  <testcase classname="RunPruebas.RunPrincipal" name="CasoDePrueba817034" time="49.698"/>
</testsuite> <!-- RunPruebas.RunPrincipal -->
