<?xml version="1.0" encoding="UTF-8"?>
<!-- Generated by org.testng.reporters.JUnitReportReporter -->
<testsuite hostname="PE-HO-ACH-025" failures="0" tests="1" name="RunPruebas.RunPrincipalTest" time="37.517" errors="0" timestamp="2025-03-03T11:07:46 COT" skipped="0">
  <testcase classname="RunPruebas.RunPrincipalTest" name="CasoDePrueba1215564" time="37.517"/>
  <system-out/>
</testsuite> <!-- RunPruebas.RunPrincipalTest -->
